Determining if the pthread_create exist failed with the following output:
Change Dir: /media/winata/B8246D5D246D1F9C/Users/Stanley Winata/Desktop/Stanley/1CMU/SEM2/16662(RobotAutonomy)/Assignments/hw1/hw1_release/RA1_ws/build/CMakeFiles/CMakeTmp

Run Build Command:"/usr/bin/make" "cmTC_e8907/fast"
/usr/bin/make -f CMakeFiles/cmTC_e8907.dir/build.make CMakeFiles/cmTC_e8907.dir/build
make[1]: Entering directory '/media/winata/B8246D5D246D1F9C/Users/Stanley Winata/Desktop/Stanley/1CMU/SEM2/16662(RobotAutonomy)/Assignments/hw1/hw1_release/RA1_ws/build/CMakeFiles/CMakeTmp'
Building C object CMakeFiles/cmTC_e8907.dir/CheckSymbolExists.c.o
/usr/bin/cc     -o CMakeFiles/cmTC_e8907.dir/CheckSymbolExists.c.o   -c "/media/winata/B8246D5D246D1F9C/Users/Stanley Winata/Desktop/Stanley/1CMU/SEM2/16662(RobotAutonomy)/Assignments/hw1/hw1_release/RA1_ws/build/CMakeFiles/CMakeTmp/CheckSymbolExists.c"
Linking C executable cmTC_e8907
/usr/bin/cmake -E cmake_link_script CMakeFiles/cmTC_e8907.dir/link.txt --verbose=1
/usr/bin/cc       CMakeFiles/cmTC_e8907.dir/CheckSymbolExists.c.o  -o cmTC_e8907 -rdynamic 
CMakeFiles/cmTC_e8907.dir/CheckSymbolExists.c.o: In function `main':
CheckSymbolExists.c:(.text+0x16): undefined reference to `pthread_create'
collect2: error: ld returned 1 exit status
CMakeFiles/cmTC_e8907.dir/build.make:97: recipe for target 'cmTC_e8907' failed
make[1]: *** [cmTC_e8907] Error 1
make[1]: Leaving directory '/media/winata/B8246D5D246D1F9C/Users/Stanley Winata/Desktop/Stanley/1CMU/SEM2/16662(RobotAutonomy)/Assignments/hw1/hw1_release/RA1_ws/build/CMakeFiles/CMakeTmp'
Makefile:126: recipe for target 'cmTC_e8907/fast' failed
make: *** [cmTC_e8907/fast] Error 2

File /media/winata/B8246D5D246D1F9C/Users/Stanley Winata/Desktop/Stanley/1CMU/SEM2/16662(RobotAutonomy)/Assignments/hw1/hw1_release/RA1_ws/build/CMakeFiles/CMakeTmp/CheckSymbolExists.c:
/* */
#include <pthread.h>

int main(int argc, char** argv)
{
  (void)argv;
#ifndef pthread_create
  return ((int*)(&pthread_create))[argc];
#else
  (void)argc;
  return 0;
#endif
}

Determining if the function pthread_create exists in the pthreads failed with the following output:
Change Dir: /media/winata/B8246D5D246D1F9C/Users/Stanley Winata/Desktop/Stanley/1CMU/SEM2/16662(RobotAutonomy)/Assignments/hw1/hw1_release/RA1_ws/build/CMakeFiles/CMakeTmp

Run Build Command:"/usr/bin/make" "cmTC_ce0fd/fast"
/usr/bin/make -f CMakeFiles/cmTC_ce0fd.dir/build.make CMakeFiles/cmTC_ce0fd.dir/build
make[1]: Entering directory '/media/winata/B8246D5D246D1F9C/Users/Stanley Winata/Desktop/Stanley/1CMU/SEM2/16662(RobotAutonomy)/Assignments/hw1/hw1_release/RA1_ws/build/CMakeFiles/CMakeTmp'
Building C object CMakeFiles/cmTC_ce0fd.dir/CheckFunctionExists.c.o
/usr/bin/cc    -DCHECK_FUNCTION_EXISTS=pthread_create   -o CMakeFiles/cmTC_ce0fd.dir/CheckFunctionExists.c.o   -c /usr/share/cmake-3.5/Modules/CheckFunctionExists.c
Linking C executable cmTC_ce0fd
/usr/bin/cmake -E cmake_link_script CMakeFiles/cmTC_ce0fd.dir/link.txt --verbose=1
/usr/bin/cc   -DCHECK_FUNCTION_EXISTS=pthread_create    CMakeFiles/cmTC_ce0fd.dir/CheckFunctionExists.c.o  -o cmTC_ce0fd -rdynamic -lpthreads 
/usr/bin/ld: cannot find -lpthreads
collect2: error: ld returned 1 exit status
CMakeFiles/cmTC_ce0fd.dir/build.make:97: recipe for target 'cmTC_ce0fd' failed
make[1]: *** [cmTC_ce0fd] Error 1
make[1]: Leaving directory '/media/winata/B8246D5D246D1F9C/Users/Stanley Winata/Desktop/Stanley/1CMU/SEM2/16662(RobotAutonomy)/Assignments/hw1/hw1_release/RA1_ws/build/CMakeFiles/CMakeTmp'
Makefile:126: recipe for target 'cmTC_ce0fd/fast' failed
make: *** [cmTC_ce0fd/fast] Error 2


